C:\USERS\OLE\DESKTOP\PROJEKTE\DIG DEEPER DEV\DIG DEEPER REWRITTEN\DEBUG\FURNANCE.OBJ
C:\USERS\OLE\DESKTOP\PROJEKTE\DIG DEEPER DEV\DIG DEEPER REWRITTEN\DEBUG\GAMECHOOSE.OBJ
C:\USERS\OLE\DESKTOP\PROJEKTE\DIG DEEPER DEV\DIG DEEPER REWRITTEN\DEBUG\INVENTORY.OBJ
C:\USERS\OLE\DESKTOP\PROJEKTE\DIG DEEPER DEV\DIG DEEPER REWRITTEN\DEBUG\ITEMS.OBJ
C:\USERS\OLE\DESKTOP\PROJEKTE\DIG DEEPER DEV\DIG DEEPER REWRITTEN\DEBUG\LITTLEITEMS.OBJ
C:\USERS\OLE\DESKTOP\PROJEKTE\DIG DEEPER DEV\DIG DEEPER REWRITTEN\DEBUG\LIVING3PART.OBJ
C:\USERS\OLE\DESKTOP\PROJEKTE\DIG DEEPER DEV\DIG DEEPER REWRITTEN\DEBUG\LOADGAME.OBJ
C:\USERS\OLE\DESKTOP\PROJEKTE\DIG DEEPER DEV\DIG DEEPER REWRITTEN\DEBUG\MAIN.OBJ
C:\USERS\OLE\DESKTOP\PROJEKTE\DIG DEEPER DEV\DIG DEEPER REWRITTEN\DEBUG\MENU.OBJ
C:\USERS\OLE\DESKTOP\PROJEKTE\DIG DEEPER DEV\DIG DEEPER REWRITTEN\DEBUG\OPTIONS.OBJ
C:\USERS\OLE\DESKTOP\PROJEKTE\DIG DEEPER DEV\DIG DEEPER REWRITTEN\DEBUG\PANEL.OBJ
C:\USERS\OLE\DESKTOP\PROJEKTE\DIG DEEPER DEV\DIG DEEPER REWRITTEN\DEBUG\PLACEABLE.OBJ
C:\USERS\OLE\DESKTOP\PROJEKTE\DIG DEEPER DEV\DIG DEEPER REWRITTEN\DEBUG\PLAYER.OBJ
C:\USERS\OLE\DESKTOP\PROJEKTE\DIG DEEPER DEV\DIG DEEPER REWRITTEN\DEBUG\PLAYEREQUIPMENT.OBJ
C:\USERS\OLE\DESKTOP\PROJEKTE\DIG DEEPER DEV\DIG DEEPER REWRITTEN\DEBUG\SPRITE.OBJ
C:\USERS\OLE\DESKTOP\PROJEKTE\DIG DEEPER DEV\DIG DEEPER REWRITTEN\DEBUG\TEXTURES.OBJ
C:\USERS\OLE\DESKTOP\PROJEKTE\DIG DEEPER DEV\DIG DEEPER REWRITTEN\DEBUG\TIME.OBJ
C:\USERS\OLE\DESKTOP\PROJEKTE\DIG DEEPER DEV\DIG DEEPER REWRITTEN\DEBUG\TOOL.OBJ
C:\USERS\OLE\DESKTOP\PROJEKTE\DIG DEEPER DEV\DIG DEEPER REWRITTEN\DEBUG\WORLD.OBJ
C:\USERS\OLE\DESKTOP\PROJEKTE\DIG DEEPER DEV\DIG DEEPER REWRITTEN\DEBUG\BEAM.OBJ
C:\USERS\OLE\DESKTOP\PROJEKTE\DIG DEEPER DEV\DIG DEEPER REWRITTEN\DEBUG\BUILDINGMENU.OBJ
C:\USERS\OLE\DESKTOP\PROJEKTE\DIG DEEPER DEV\DIG DEEPER REWRITTEN\DEBUG\BUTTON.OBJ
C:\USERS\OLE\DESKTOP\PROJEKTE\DIG DEEPER DEV\DIG DEEPER REWRITTEN\DEBUG\CHARACTERINFO.OBJ
C:\USERS\OLE\DESKTOP\PROJEKTE\DIG DEEPER DEV\DIG DEEPER REWRITTEN\DEBUG\CHEST.OBJ
C:\USERS\OLE\DESKTOP\PROJEKTE\DIG DEEPER DEV\DIG DEEPER REWRITTEN\DEBUG\EQUIPMENT.OBJ
C:\USERS\OLE\DESKTOP\PROJEKTE\DIG DEEPER DEV\DIG DEEPER REWRITTEN\DEBUG\FRAMEWORK.OBJ
C:\USERS\OLE\DESKTOP\PROJEKTE\DIG DEEPER DEV\DIG DEEPER REWRITTEN\DEBUG\VC110.PDB
C:\USERS\OLE\DESKTOP\PROJEKTE\DIG DEEPER DEV\DIG DEEPER REWRITTEN\DEBUG\GAME.OBJ
C:\Users\Ole\Desktop\Projekte\Dig Deeper dev\Dig Deeper rewritten\Debug\Dig Deeper rewritten.lib
C:\Users\Ole\Desktop\Projekte\Dig Deeper dev\Dig Deeper rewritten\Debug\Dig Deeper rewritten.exp
C:\USERS\OLE\DESKTOP\PROJEKTE\DIG DEEPER DEV\DIG DEEPER REWRITTEN\DEBUG\DIG DEEPER REWRITTEN.ILK
C:\USERS\OLE\DESKTOP\PROJEKTE\DIG DEEPER DEV\DIG DEEPER REWRITTEN\DEBUG\DIG DEEPER REWRITTEN.EXE
C:\USERS\OLE\DESKTOP\PROJEKTE\DIG DEEPER DEV\DIG DEEPER REWRITTEN\DEBUG\DIG DEEPER REWRITTEN.PDB
C:\Users\Ole\Desktop\Projekte\Dig Deeper dev\Dig Deeper rewritten\Debug\Beam.obj
C:\Users\Ole\Desktop\Projekte\Dig Deeper dev\Dig Deeper rewritten\Debug\BuildingMenu.obj
C:\Users\Ole\Desktop\Projekte\Dig Deeper dev\Dig Deeper rewritten\Debug\Button.obj
C:\Users\Ole\Desktop\Projekte\Dig Deeper dev\Dig Deeper rewritten\Debug\CharacterInfo.obj
C:\Users\Ole\Desktop\Projekte\Dig Deeper dev\Dig Deeper rewritten\Debug\Chest.obj
C:\Users\Ole\Desktop\Projekte\Dig Deeper dev\Dig Deeper rewritten\Debug\Equipment.obj
C:\Users\Ole\Desktop\Projekte\Dig Deeper dev\Dig Deeper rewritten\Debug\Framework.obj
C:\Users\Ole\Desktop\Projekte\Dig Deeper dev\Dig Deeper rewritten\Debug\Furnance.obj
C:\Users\Ole\Desktop\Projekte\Dig Deeper dev\Dig Deeper rewritten\Debug\Game.obj
C:\Users\Ole\Desktop\Projekte\Dig Deeper dev\Dig Deeper rewritten\Debug\GameChoose.obj
C:\Users\Ole\Desktop\Projekte\Dig Deeper dev\Dig Deeper rewritten\Debug\Inventory.obj
C:\Users\Ole\Desktop\Projekte\Dig Deeper dev\Dig Deeper rewritten\Debug\Items.obj
C:\Users\Ole\Desktop\Projekte\Dig Deeper dev\Dig Deeper rewritten\Debug\LittleItems.obj
C:\Users\Ole\Desktop\Projekte\Dig Deeper dev\Dig Deeper rewritten\Debug\Living3Part.obj
C:\Users\Ole\Desktop\Projekte\Dig Deeper dev\Dig Deeper rewritten\Debug\LoadGame.obj
C:\Users\Ole\Desktop\Projekte\Dig Deeper dev\Dig Deeper rewritten\Debug\main.obj
C:\Users\Ole\Desktop\Projekte\Dig Deeper dev\Dig Deeper rewritten\Debug\Menu.obj
C:\Users\Ole\Desktop\Projekte\Dig Deeper dev\Dig Deeper rewritten\Debug\Options.obj
C:\Users\Ole\Desktop\Projekte\Dig Deeper dev\Dig Deeper rewritten\Debug\Panel.obj
C:\Users\Ole\Desktop\Projekte\Dig Deeper dev\Dig Deeper rewritten\Debug\Placeable.obj
C:\Users\Ole\Desktop\Projekte\Dig Deeper dev\Dig Deeper rewritten\Debug\Player.obj
C:\Users\Ole\Desktop\Projekte\Dig Deeper dev\Dig Deeper rewritten\Debug\PlayerEquipment.obj
C:\Users\Ole\Desktop\Projekte\Dig Deeper dev\Dig Deeper rewritten\Debug\Sprite.obj
C:\Users\Ole\Desktop\Projekte\Dig Deeper dev\Dig Deeper rewritten\Debug\Textures.obj
C:\Users\Ole\Desktop\Projekte\Dig Deeper dev\Dig Deeper rewritten\Debug\Time.obj
C:\Users\Ole\Desktop\Projekte\Dig Deeper dev\Dig Deeper rewritten\Debug\Tool.obj
C:\Users\Ole\Desktop\Projekte\Dig Deeper dev\Dig Deeper rewritten\Debug\World.obj
C:\Users\Ole\Desktop\Projekte\Dig Deeper dev\Dig Deeper rewritten\Debug\Dig Deeper rewritten.ilk
C:\Users\Ole\Desktop\Projekte\Dig Deeper dev\Dig Deeper rewritten\Debug\cl.command.1.tlog
C:\Users\Ole\Desktop\Projekte\Dig Deeper dev\Dig Deeper rewritten\Debug\CL.read.1.tlog
C:\Users\Ole\Desktop\Projekte\Dig Deeper dev\Dig Deeper rewritten\Debug\CL.write.1.tlog
C:\Users\Ole\Desktop\Projekte\Dig Deeper dev\Dig Deeper rewritten\Debug\Dig Deeper rewritten.write.1.tlog
C:\Users\Ole\Desktop\Projekte\Dig Deeper dev\Dig Deeper rewritten\Debug\link-cvtres.read.1.tlog
C:\Users\Ole\Desktop\Projekte\Dig Deeper dev\Dig Deeper rewritten\Debug\link-cvtres.write.1.tlog
C:\Users\Ole\Desktop\Projekte\Dig Deeper dev\Dig Deeper rewritten\Debug\link-rc.read.1.tlog
C:\Users\Ole\Desktop\Projekte\Dig Deeper dev\Dig Deeper rewritten\Debug\link-rc.write.1.tlog
C:\Users\Ole\Desktop\Projekte\Dig Deeper dev\Dig Deeper rewritten\Debug\link.3272-cvtres.read.1.tlog
C:\Users\Ole\Desktop\Projekte\Dig Deeper dev\Dig Deeper rewritten\Debug\link.3272-cvtres.write.1.tlog
C:\Users\Ole\Desktop\Projekte\Dig Deeper dev\Dig Deeper rewritten\Debug\link.3272-rc.read.1.tlog
C:\Users\Ole\Desktop\Projekte\Dig Deeper dev\Dig Deeper rewritten\Debug\link.3272-rc.write.1.tlog
C:\Users\Ole\Desktop\Projekte\Dig Deeper dev\Dig Deeper rewritten\Debug\link.3272.read.1.tlog
C:\Users\Ole\Desktop\Projekte\Dig Deeper dev\Dig Deeper rewritten\Debug\link.3272.write.1.tlog
C:\Users\Ole\Desktop\Projekte\Dig Deeper dev\Dig Deeper rewritten\Debug\link.3856-cvtres.read.1.tlog
C:\Users\Ole\Desktop\Projekte\Dig Deeper dev\Dig Deeper rewritten\Debug\link.3856-cvtres.write.1.tlog
C:\Users\Ole\Desktop\Projekte\Dig Deeper dev\Dig Deeper rewritten\Debug\link.3856-rc.read.1.tlog
C:\Users\Ole\Desktop\Projekte\Dig Deeper dev\Dig Deeper rewritten\Debug\link.3856-rc.write.1.tlog
C:\Users\Ole\Desktop\Projekte\Dig Deeper dev\Dig Deeper rewritten\Debug\link.3856.read.1.tlog
C:\Users\Ole\Desktop\Projekte\Dig Deeper dev\Dig Deeper rewritten\Debug\link.3856.write.1.tlog
C:\Users\Ole\Desktop\Projekte\Dig Deeper dev\Dig Deeper rewritten\Debug\link.5248-cvtres.read.1.tlog
C:\Users\Ole\Desktop\Projekte\Dig Deeper dev\Dig Deeper rewritten\Debug\link.5248-cvtres.write.1.tlog
C:\Users\Ole\Desktop\Projekte\Dig Deeper dev\Dig Deeper rewritten\Debug\link.5248-rc.read.1.tlog
C:\Users\Ole\Desktop\Projekte\Dig Deeper dev\Dig Deeper rewritten\Debug\link.5248-rc.write.1.tlog
C:\Users\Ole\Desktop\Projekte\Dig Deeper dev\Dig Deeper rewritten\Debug\link.5248.read.1.tlog
C:\Users\Ole\Desktop\Projekte\Dig Deeper dev\Dig Deeper rewritten\Debug\link.5248.write.1.tlog
C:\Users\Ole\Desktop\Projekte\Dig Deeper dev\Dig Deeper rewritten\Debug\link.command.1.tlog
C:\Users\Ole\Desktop\Projekte\Dig Deeper dev\Dig Deeper rewritten\Debug\link.read.1.tlog
C:\Users\Ole\Desktop\Projekte\Dig Deeper dev\Dig Deeper rewritten\Debug\link.write.1.tlog
C:\Users\Ole\Desktop\Projekte\Dig Deeper dev\Dig Deeper rewritten\Debug\vc110.idb
C:\Users\Ole\Desktop\Projekte\Dig Deeper dev\Dig Deeper rewritten\Debug\Dig Deeper rewritten.pdb
C:\Users\Ole\Desktop\Projekte\Dig Deeper dev\Dig Deeper rewritten\Debug\vc110.pdb
C:\Users\Ole\Desktop\Projekte\Dig Deeper dev\Dig Deeper rewritten\Debug\Dig Deeper rewritten.exe
