c:\users\ole\desktop\projekte\dig deeper dev\dig deeper rewritten\release\main.obj
c:\users\ole\desktop\projekte\dig deeper dev\dig deeper rewritten\release\gamestate.obj
c:\users\ole\desktop\projekte\dig deeper dev\dig deeper rewritten\release\framework.obj
c:\users\ole\desktop\projekte\dig deeper dev\dig deeper rewritten\release\vc110.pdb
c:\users\ole\desktop\projekte\dig deeper dev\dig deeper rewritten\release\textures.obj
c:\users\ole\desktop\projekte\dig deeper dev\dig deeper rewritten\release\sprite.obj
c:\users\ole\desktop\projekte\dig deeper dev\dig deeper rewritten\release\menu.obj
c:\users\ole\desktop\projekte\dig deeper dev\dig deeper rewritten\release\button.obj
c:\users\ole\desktop\projekte\dig deeper dev\dig deeper rewritten\release\world.obj
c:\users\ole\desktop\projekte\dig deeper dev\dig deeper rewritten\release\time.obj
c:\users\ole\desktop\projekte\dig deeper dev\dig deeper rewritten\release\player.obj
c:\users\ole\desktop\projekte\dig deeper dev\dig deeper rewritten\release\placeable.obj
c:\users\ole\desktop\projekte\dig deeper dev\dig deeper rewritten\release\options.obj
c:\users\ole\desktop\projekte\dig deeper dev\dig deeper rewritten\release\living3part.obj
c:\users\ole\desktop\projekte\dig deeper dev\dig deeper rewritten\release\inventory.obj
c:\users\ole\desktop\projekte\dig deeper dev\dig deeper rewritten\release\gamechoose.obj
c:\users\ole\desktop\projekte\dig deeper dev\dig deeper rewritten\release\game.obj
c:\users\ole\desktop\projekte\dig deeper dev\dig deeper rewritten\release\littleitems.obj
c:\users\ole\desktop\projekte\dig deeper dev\dig deeper rewritten\release\items.obj
c:\users\ole\desktop\projekte\dig deeper dev\dig deeper rewritten\release\tool.obj
c:\users\ole\desktop\projekte\dig deeper dev\dig deeper rewritten\release\panel.obj
c:\users\ole\desktop\projekte\dig deeper dev\dig deeper rewritten\release\furnance.obj
c:\users\ole\desktop\projekte\dig deeper dev\dig deeper rewritten\release\buildingmenu.obj
c:\users\ole\desktop\projekte\dig deeper dev\dig deeper rewritten\release\chest.obj
c:\users\ole\desktop\projekte\dig deeper dev\dig deeper rewritten\release\loadgame.obj
c:\users\ole\desktop\projekte\dig deeper dev\dig deeper rewritten\release\characterinfo.obj
c:\users\ole\desktop\projekte\dig deeper dev\dig deeper rewritten\release\equipment.obj
c:\users\ole\desktop\projekte\dig deeper dev\dig deeper rewritten\release\beam.obj
c:\users\ole\desktop\projekte\dig deeper dev\dig deeper rewritten\release\playerequipment.obj
c:\users\ole\desktop\projekte\dig deeper dev\dig deeper rewritten\release\stringinput.obj
c:\users\ole\desktop\projekte\dig deeper dev\dig deeper rewritten\release\newgame.obj
c:\users\ole\desktop\projekte\dig deeper dev\dig deeper rewritten\release\lightmachine.obj
c:\users\ole\desktop\projekte\dig deeper dev\dig deeper rewritten\release\bee.obj
c:\users\ole\desktop\projekte\dig deeper dev\dig deeper rewritten\release\signmachine.obj
c:\users\ole\desktop\projekte\dig deeper dev\dig deeper rewritten\release\npcmachine.obj
c:\users\ole\desktop\projekte\dig deeper dev\dig deeper rewritten\release\npc.obj
c:\users\ole\desktop\projekte\dig deeper dev\dig deeper rewritten\release\dig deeper rewritten.lib
c:\users\ole\desktop\projekte\dig deeper dev\dig deeper rewritten\release\dig deeper rewritten.exp
c:\users\ole\desktop\projekte\dig deeper dev\dig deeper rewritten\release\dig deeper rewritten.exe
c:\users\ole\desktop\projekte\dig deeper dev\dig deeper rewritten\release\dig deeper rewritten.pdb
f:\dig deeper rewritten\digdeeper\release\vc120.pdb
f:\dig deeper rewritten\digdeeper\release\menu.obj
f:\dig deeper rewritten\digdeeper\release\main.obj
f:\dig deeper rewritten\digdeeper\release\loadgame.obj
f:\dig deeper rewritten\digdeeper\release\living3part.obj
f:\dig deeper rewritten\digdeeper\release\littleitems.obj
f:\dig deeper rewritten\digdeeper\release\lightmachine.obj
f:\dig deeper rewritten\digdeeper\release\items.obj
f:\dig deeper rewritten\digdeeper\release\inventory.obj
f:\dig deeper rewritten\digdeeper\release\goblin.obj
f:\dig deeper rewritten\digdeeper\release\gamechoose.obj
f:\dig deeper rewritten\digdeeper\release\game.obj
f:\dig deeper rewritten\digdeeper\release\furnance.obj
f:\dig deeper rewritten\digdeeper\release\framework.obj
f:\dig deeper rewritten\digdeeper\release\equipment.obj
f:\dig deeper rewritten\digdeeper\release\chest.obj
f:\dig deeper rewritten\digdeeper\release\characterinfo.obj
f:\dig deeper rewritten\digdeeper\release\button.obj
f:\dig deeper rewritten\digdeeper\release\buildingmenu.obj
f:\dig deeper rewritten\digdeeper\release\bee.obj
f:\dig deeper rewritten\digdeeper\release\beam.obj
f:\dig deeper rewritten\digdeeper\release\world.obj
f:\dig deeper rewritten\digdeeper\release\tool.obj
f:\dig deeper rewritten\digdeeper\release\time.obj
f:\dig deeper rewritten\digdeeper\release\textures.obj
f:\dig deeper rewritten\digdeeper\release\stringinput.obj
f:\dig deeper rewritten\digdeeper\release\sprite.obj
f:\dig deeper rewritten\digdeeper\release\signmachine.obj
f:\dig deeper rewritten\digdeeper\release\profiler.obj
f:\dig deeper rewritten\digdeeper\release\playerequipment.obj
f:\dig deeper rewritten\digdeeper\release\player.obj
f:\dig deeper rewritten\digdeeper\release\placeable.obj
f:\dig deeper rewritten\digdeeper\release\panel.obj
f:\dig deeper rewritten\digdeeper\release\options.obj
f:\dig deeper rewritten\digdeeper\release\npcmachine.obj
f:\dig deeper rewritten\digdeeper\release\npc.obj
f:\dig deeper rewritten\digdeeper\release\newgame.obj
f:\dig deeper rewritten\digdeeper\release\magicmenu.obj
f:\dig deeper rewritten\digdeeper\release\rims.obj
f:\dig deeper rewritten\digdeeper\release\projectiles.obj
f:\dig deeper rewritten\digdeeper\release\consumable.obj
f:\dig deeper rewritten\digdeeper\release\cauldron.obj
f:\dig deeper rewritten\digdeeper\release\dig deeper rewritten.lib
f:\dig deeper rewritten\digdeeper\release\dig deeper rewritten.exp
f:\dig deeper rewritten\digdeeper\release\dig deeper rewritten.exe
f:\dig deeper rewritten\digdeeper\release\dig deeper rewritten.pdb
f:\dig deeper rewritten\digdeeper\release\gamestate.obj
f:\dig deeper rewritten\digdeeper\release\cl.command.1.tlog
f:\dig deeper rewritten\digdeeper\release\cl.read.1.tlog
f:\dig deeper rewritten\digdeeper\release\cl.write.1.tlog
f:\dig deeper rewritten\digdeeper\release\dig deeper rewritten.write.1.tlog
f:\dig deeper rewritten\digdeeper\release\link-cvtres.read.1.tlog
f:\dig deeper rewritten\digdeeper\release\link-cvtres.write.1.tlog
f:\dig deeper rewritten\digdeeper\release\link-rc.read.1.tlog
f:\dig deeper rewritten\digdeeper\release\link-rc.write.1.tlog
f:\dig deeper rewritten\digdeeper\release\link.command.1.tlog
f:\dig deeper rewritten\digdeeper\release\link.read.1.tlog
f:\dig deeper rewritten\digdeeper\release\link.write.1.tlog
f:\dig deeper rewritten\digdeeper\release\vc110.pdb
f:\dig deeper rewritten\digdeeper\release\dig deep.d10a0655.tlog\cl.command.1.tlog
f:\dig deeper rewritten\digdeeper\release\dig deep.d10a0655.tlog\cl.read.1.tlog
f:\dig deeper rewritten\digdeeper\release\dig deep.d10a0655.tlog\cl.write.1.tlog
f:\dig deeper rewritten\digdeeper\release\dig deep.d10a0655.tlog\dig deeper rewritten.write.1u.tlog
f:\dig deeper rewritten\digdeeper\release\dig deep.d10a0655.tlog\link.command.1.tlog
f:\dig deeper rewritten\digdeeper\release\dig deep.d10a0655.tlog\link.read.1.tlog
f:\dig deeper rewritten\digdeeper\release\dig deep.d10a0655.tlog\link.write.1.tlog
