Der Buildvorgang wurde am 09.03.2015 13:21:48 gestartet.
     1>Projekt "C:\Users\Ole\Desktop\Projekte\Dig Deeper dev\Dig Deeper rewritten\SFML_Tutorials_basic.vcxproj" auf Knoten "2", Build Ziel(e).
     1>ClCompile:
         C:\Program Files (x86)\Microsoft Visual Studio 11.0\VC\bin\CL.exe /c /I"C:\Users\Ole\Desktop\SFML\SFML-2.1\include" /Zi /nologo /W3 /WX- /O2 /Oi /Oy- /GL /D WIN32 /D NDEBUG /D _CONSOLE /D _UNICODE /D UNICODE /Gm- /EHsc /MD /GS /Gy /fp:precise /Zc:wchar_t /Zc:forScope /Fo"Release\\" /Fd"Release\vc110.pdb" /Gd /TP /analyze- /errorReport:prompt Bee.cpp Game.cpp Inventory.cpp LittleItems.cpp main.cpp NPC.cpp NpcMachine.cpp Player.cpp World.cpp
         Bee.cpp
     1>Bee.cpp(62): warning C4244: '=': Konvertierung von 'float' in 'int', möglicher Datenverlust
     1>Bee.cpp(64): warning C4244: '=': Konvertierung von 'float' in 'int', möglicher Datenverlust
     1>Bee.cpp(74): warning C4244: '=': Konvertierung von 'float' in 'int', möglicher Datenverlust
     1>Bee.cpp(76): warning C4244: '=': Konvertierung von 'float' in 'int', möglicher Datenverlust
     1>Bee.cpp(84): warning C4244: 'Argument': Konvertierung von 'int' in 'float', möglicher Datenverlust
     1>Bee.cpp(140): warning C4244: '=': Konvertierung von 'int' in 'float', möglicher Datenverlust
     1>Bee.cpp(141): warning C4244: '=': Konvertierung von 'int' in 'float', möglicher Datenverlust
         Game.cpp
         Inventory.cpp
         LittleItems.cpp
         main.cpp
         NPC.cpp
         NpcMachine.cpp
     1>NpcMachine.cpp(158): warning C4244: '=': Konvertierung von 'const float' in 'int', möglicher Datenverlust
     1>NpcMachine.cpp(159): warning C4244: '=': Konvertierung von 'const float' in 'int', möglicher Datenverlust
     1>NpcMachine.cpp(160): warning C4244: '=': Konvertierung von 'const float' in 'int', möglicher Datenverlust
     1>NpcMachine.cpp(161): warning C4244: '=': Konvertierung von 'const float' in 'int', möglicher Datenverlust
     1>NpcMachine.cpp(173): warning C4244: '=': Konvertierung von 'int' in 'float', möglicher Datenverlust
         Player.cpp
     1>Player.cpp(231): warning C4244: 'Argument': Konvertierung von 'int' in 'float', möglicher Datenverlust
     1>Player.cpp(371): warning C4244: 'Argument': Konvertierung von 'int' in 'float', möglicher Datenverlust
         World.cpp
     1>World.cpp(378): warning C4244: 'Initialisierung': Konvertierung von 'float' in 'int', möglicher Datenverlust
     1>World.cpp(379): warning C4244: 'Initialisierung': Konvertierung von 'float' in 'int', möglicher Datenverlust
       Link:
         C:\Program Files (x86)\Microsoft Visual Studio 11.0\VC\bin\link.exe /ERRORREPORT:PROMPT /OUT:"C:\Users\Ole\Desktop\Projekte\Dig Deeper dev\Dig Deeper rewritten\Release\Dig Deeper rewritten.exe" /INCREMENTAL:NO /NOLOGO /LIBPATH:"C:\Users\Ole\Desktop\SFML\SFML-2.1\lib" "sfml-audio.lib" "sfml-graphics.lib" "sfml-network.lib" "sfml-system.lib" "sfml-window.lib" kernel32.lib user32.lib gdi32.lib winspool.lib comdlg32.lib advapi32.lib shell32.lib ole32.lib oleaut32.lib uuid.lib odbc32.lib odbccp32.lib /MANIFEST /MANIFESTUAC:"level='asInvoker' uiAccess='false'" /manifest:embed /DEBUG /PDB:"C:\Users\Ole\Desktop\Projekte\Dig Deeper dev\Dig Deeper rewritten\Release\Dig Deeper rewritten.pdb" /SUBSYSTEM:CONSOLE /OPT:REF /OPT:ICF /LTCG /TLBID:1 /DYNAMICBASE /NXCOMPAT /IMPLIB:"C:\Users\Ole\Desktop\Projekte\Dig Deeper dev\Dig Deeper rewritten\Release\Dig Deeper rewritten.lib" /MACHINE:X86 /SAFESEH Release\Beam.obj
         Release\Bee.obj
         Release\BuildingMenu.obj
         Release\Button.obj
         Release\CharacterInfo.obj
         Release\Chest.obj
         Release\Equipment.obj
         Release\Framework.obj
         Release\Furnance.obj
         Release\Game.obj
         Release\GameChoose.obj
         Release\Inventory.obj
         Release\Items.obj
         Release\LightMachine.obj
         Release\LittleItems.obj
         Release\Living3Part.obj
         Release\LoadGame.obj
         Release\main.obj
         Release\Menu.obj
         Release\NewGame.obj
         Release\NPC.obj
         Release\NpcMachine.obj
         Release\Options.obj
         Release\Panel.obj
         Release\Placeable.obj
         Release\Player.obj
         Release\PlayerEquipment.obj
         Release\SignMachine.obj
         Release\Sprite.obj
         Release\StringInput.obj
         Release\Textures.obj
         Release\Time.obj
         Release\Tool.obj
         Release\World.obj
            Bibliothek "C:\Users\Ole\Desktop\Projekte\Dig Deeper dev\Dig Deeper rewritten\Release\Dig Deeper rewritten.lib" und Objekt "C:\Users\Ole\Desktop\Projekte\Dig Deeper dev\Dig Deeper rewritten\Release\Dig Deeper rewritten.exp" werden erstellt.
         Code wird generiert.
         Codegenerierung ist abgeschlossen.
         SFML_Tutorials_basic.vcxproj -> C:\Users\Ole\Desktop\Projekte\Dig Deeper dev\Dig Deeper rewritten\Release\Dig Deeper rewritten.exe
     1>Die Erstellung des Projekts "C:\Users\Ole\Desktop\Projekte\Dig Deeper dev\Dig Deeper rewritten\SFML_Tutorials_basic.vcxproj" ist abgeschlossen, Build Ziel(e).

Build erfolgreich.

Verstrichene Zeit 00:01:58.82
